<project name="test rh utils" basedir="." xmlns:au="antlib:org.apache.ant.antunit" xmlns:rh-sfdc="http://www.redhat.com/sfdc">

	<!-- =========================================================================================== -->

	<import file="../../../ant/1.1/solenopsis-setup.xml"/>
	<import file="${solenopsis.util.HOME}/sfdc-util.xml"/>

	<!-- =========================================================================================== -->

	<target name="test-xml-name">
		<rh-sfdc:xml-name property="test-xml-name.property1" value="Foo" elementDelimiter=""/>
		<au:assertPropertyEquals name="test-xml-name.property1" value="        &lt;name&gt;Foo&lt;/name&gt;"/>

	</target>

	<!-- =========================================================================================== -->

	<target name="test-xml-members">
		<rh-sfdc:xml-members property="test-xml-members.property1" value="Foo" elementDelimiter=""/>
		<au:assertPropertyEquals name="test-xml-members.property1" value="        &lt;members&gt;Foo&lt;/members&gt;"/>

	</target>

	<!-- =========================================================================================== -->

	<target name="test-xml-version">
		<rh-sfdc:xml-version property="test-xml-version.property1" value="22.55" elementDelimiter=""/>
		<au:assertPropertyEquals name="test-xml-version.property1" value="    &lt;version&gt;22.55&lt;/version&gt;"/>

	</target>

	<!-- =========================================================================================== -->

</project>